Error 2021-05-27 21:14:53.854865
	near "AUTOICREMENT": syntax errorError 2021-05-27 21:14:53.854865
	near "AUTOICREMENT": syntax errorError 2021-05-27 21:14:53.856860
	near "AUTOICREMENT": syntax errorError 2021-05-27 21:14:53.857858
	near "AUTOICREMENT": syntax errorError 2021-05-27 21:14:53.858855
	near "AUTOICREMENT": syntax errorError 2021-05-27 21:14:53.859853
	near "AUTOICREMENT": syntax errorError 2021-05-27 21:14:53.860854
	can only concatenate str (not "int") to strError 2021-05-27 21:14:54.492200
	near "AUTOICREMENT": syntax errorError 2021-05-27 21:14:54.493172
	near "AUTOICREMENT": syntax errorError 2021-05-27 21:14:54.494164
	can only concatenate str (not "int") to strError 2021-05-27 21:14:54.494164
	can only concatenate str (not "int") to strError 2021-05-27 21:14:54.496198
	near "AUTOICREMENT": syntax errorError 2021-05-27 21:14:54.497156
	near "AUTOICREMENT": syntax errorError 2021-05-27 21:14:54.498153
	Ошибка проверки количества продуктов у пользователя id = 145516276Error 2021-05-27 21:14:54.498153
	can only concatenate str (not "int") to strError 2021-05-27 21:15:45.803112
	near "AUTOICREMENT": syntax errorError 2021-05-27 21:15:45.804114
	near "AUTOICREMENT": syntax errorError 2021-05-27 21:15:45.806137
	near "AUTOICREMENT": syntax errorError 2021-05-27 21:15:45.806137
	near "AUTOICREMENT": syntax errorError 2021-05-27 21:15:45.808130
	near "AUTOICREMENT": syntax errorError 2021-05-27 21:15:45.808130
	near "AUTOICREMENT": syntax errorError 2021-05-27 21:15:45.809094
	can only concatenate str (not "int") to strError 2021-05-27 21:15:46.409509
	near "AUTOICREMENT": syntax errorError 2021-05-27 21:15:46.410470
	near "AUTOICREMENT": syntax errorError 2021-05-27 21:15:46.411469
	can only concatenate str (not "int") to strError 2021-05-27 21:15:46.411469
	can only concatenate str (not "int") to strError 2021-05-27 21:15:46.412466
	near "AUTOICREMENT": syntax errorError 2021-05-27 21:15:46.413472
	near "AUTOICREMENT": syntax errorError 2021-05-27 21:15:46.413472
	Ошибка проверки количества продуктов у пользователя id = 145516276Error 2021-05-27 21:15:46.414493
	can only concatenate str (not "int") to strError 2021-05-27 21:17:01.038696
	near "AUTOICREMENT": syntax errorError 2021-05-27 21:17:01.039661
	near "AUTOICREMENT": syntax errorError 2021-05-27 21:17:01.042676
	near "AUTOICREMENT": syntax errorError 2021-05-27 21:17:01.043648
	near "AUTOICREMENT": syntax errorError 2021-05-27 21:17:01.044676
	near "AUTOICREMENT": syntax errorError 2021-05-27 21:17:01.044676
	near "AUTOICREMENT": syntax errorError 2021-05-27 21:17:01.045642
	can only concatenate str (not "int") to strError 2021-05-27 21:17:01.715628
	near "AUTOICREMENT": syntax errorError 2021-05-27 21:17:01.715628
	near "AUTOICREMENT": syntax errorError 2021-05-27 21:17:01.716583
	can only concatenate str (not "int") to strError 2021-05-27 21:17:01.717611
	can only concatenate str (not "int") to strError 2021-05-27 21:17:01.718608
	near "AUTOICREMENT": syntax errorError 2021-05-27 21:17:01.718608
	near "AUTOICREMENT": syntax errorError 2021-05-27 21:17:01.719574
	Ошибка проверки количества продуктов у пользователя id = 145516276Error 2021-05-27 21:17:01.719574
	can only concatenate str (not "int") to strError 2021-05-27 21:17:29.300689
	near "AUTOICREMENT": syntax errorError 2021-05-27 21:17:29.300689
	near "AUTOICREMENT": syntax errorError 2021-05-27 21:17:42.152441
	near "AUTOICREMENT": syntax errorError 2021-05-27 21:17:42.155423
	near "AUTOICREMENT": syntax errorError 2021-05-27 21:17:59.702119
	near "AUTOICREMENT": syntax errorError 2021-05-27 21:18:00.631713
	near "AUTOICREMENT": syntax errorError 2021-05-27 21:18:01.572436
	near "AUTOICREMENT": syntax errorError 2021-05-27 21:18:02.518580
	near "AUTOICREMENT": syntax errorError 2021-05-27 21:18:02.518580
	can only concatenate str (not "int") to strError 2021-05-27 21:18:02.518580
	can only concatenate str (not "int") to strError 2021-05-27 21:18:03.372795
	near "AUTOICREMENT": syntax errorError 2021-05-27 21:18:10.352157
	near "AUTOICREMENT": syntax errorError 2021-05-27 21:18:10.354188
	Ошибка проверки количества продуктов у пользователя id = 1726691762Error 2021-05-27 21:18:10.354188
	can only concatenate str (not "int") to strError 2021-05-27 21:21:45.812451
	can only concatenate str (not "int") to strError 2021-05-27 21:21:45.812451
	can only concatenate str (not "int") to strError 2021-05-27 21:21:45.813416
	Ошибка проверки количества продуктов у пользователя id = 1726691762Error 2021-05-27 21:21:45.814414
	can only concatenate str (not "int") to strError 2021-05-27 21:22:40.967930
	can only concatenate str (not "int") to strError 2021-05-27 21:22:41.534118
	can only concatenate str (not "int") to strError 2021-05-27 21:22:41.534118
	can only concatenate str (not "int") to strError 2021-05-27 21:22:41.536144
	Ошибка проверки количества продуктов у пользователя id = 145516276Error 2021-05-27 21:22:41.536144
	can only concatenate str (not "int") to strError 2021-05-27 21:23:20.633601
	can only concatenate str (not "int") to strError 2021-05-27 21:23:20.941293
	can only concatenate str (not "int") to strError 2021-05-27 21:23:20.941293
	can only concatenate str (not "int") to strError 2021-05-27 21:23:20.943285
	Ошибка проверки количества продуктов у пользователя id = 145516276Error 2021-05-27 21:23:20.943285
	can only concatenate str (not "int") to strError 2021-05-27 21:25:22.515164
	can only concatenate str (not "int") to strError 2021-05-27 21:25:22.515164
	can only concatenate str (not "int") to strError 2021-05-27 21:25:22.515164
	Ошибка проверки количества продуктов у пользователя id = 1726691762Error 2021-05-27 21:25:22.515164
	can only concatenate str (not "int") to strError 2021-05-27 21:26:20.154335
	can only concatenate str (not "int") to strError 2021-05-27 21:26:20.681044
	can only concatenate str (not "int") to strError 2021-05-27 21:26:20.681044
	can only concatenate str (not "int") to strError 2021-05-27 21:26:20.683014
	Ошибка проверки количества продуктов у пользователя id = 145516276Error 2021-05-27 21:26:20.684010
	can only concatenate str (not "int") to strError 2021-05-27 22:55:23.234882
	can only concatenate str (not "int") to strError 2021-05-27 22:55:24.206037
	can only concatenate str (not "int") to strError 2021-05-27 22:55:24.206037
	can only concatenate str (not "int") to strError 2021-05-27 22:55:24.228686
	Ошибка проверки количества продуктов у пользователя id = 145516276Error 2021-05-27 22:55:24.228686
	can only concatenate str (not "int") to str